Build wurde zeitgesteuert ausgelöst.
Baue in Arbeitsbereich C:\Program Files (x86)\Jenkins\workspace\Demo01Project
[Demo01Project] $ sh -xe C:\WINDOWS\TEMP\jenkins7248530605913569718.sh
The system cannot find the file specified
FATAL: Befehlsausführung fehlgeschlagen
java.io.IOException: CreateProcess error=2, Das System kann die angegebene Datei nicht finden
	at java.lang.ProcessImpl.create(Native Method)
	at java.lang.ProcessImpl.<init>(Unknown Source)
	at java.lang.ProcessImpl.start(Unknown Source)
Caused: java.io.IOException: Cannot run program "sh" (in directory "C:\Program Files (x86)\Jenkins\workspace\Demo01Project"): CreateProcess error=2, Das System kann die angegebene Datei nicht finden
	at java.lang.ProcessBuilder.start(Unknown Source)
	at hudson.Proc$LocalProc.<init>(Proc.java:249)
	at hudson.Proc$LocalProc.<init>(Proc.java:218)
	at hudson.Launcher$LocalLauncher.launch(Launcher.java:935)
	at hudson.Launcher$ProcStarter.start(Launcher.java:454)
	at hudson.tasks.CommandInterpreter.perform(CommandInterpreter.java:109)
	at hudson.tasks.CommandInterpreter.perform(CommandInterpreter.java:66)
	at hudson.tasks.BuildStepMonitor$1.perform(BuildStepMonitor.java:20)
	at hudson.model.AbstractBuild$AbstractBuildExecution.perform(AbstractBuild.java:744)
	at hudson.model.Build$BuildExecution.build(Build.java:206)
	at hudson.model.Build$BuildExecution.doRun(Build.java:163)
	at hudson.model.AbstractBuild$AbstractBuildExecution.run(AbstractBuild.java:504)
	at hudson.model.Run.execute(Run.java:1815)
	at hudson.model.FreeStyleBuild.run(FreeStyleBuild.java:43)
	at hudson.model.ResourceController.execute(ResourceController.java:97)
	at hudson.model.Executor.run(Executor.java:429)
Build step 'Shell ausführen' marked build as failure
Finished: FAILURE
